Arguments: 
  /home/ubuntu/.nvm/versions/node/v16.10.0/bin/node /home/ubuntu/.nvm/versions/node/v16.10.0/bin/yarn install

PATH: 
  /home/ubuntu/.nvm/versions/node/v16.10.0/bin:/home/ubuntu/.rvm/gems/ruby-2.6.3/bin:/home/ubuntu/.rvm/gems/ruby-2.6.3@global/bin:/home/ubuntu/.rvm/rubies/ruby-2.6.3/bin:/home/ubuntu/.rvm/gems/ruby-2.6.3/bin:/home/ubuntu/.rvm/gems/ruby-2.6.3@global/bin:/home/ubuntu/.rvm/rubies/ruby-2.6.3/bin:/home/ubuntu/.rvm/gems/ruby-2.6.3/bin:/home/ubuntu/.rvm/gems/ruby-2.6.3@global/bin:/home/ubuntu/.rvm/rubies/ruby-2.6.3/bin:/usr/local/sbin:/usr/local/bin:/usr/sbin:/usr/bin:/sbin:/bin:/usr/games:/usr/local/games:/snap/bin:/home/ubuntu/.local/bin:/home/ubuntu/bin:/usr/local/bin:/home/ubuntu/.rvm/bin:/home/ubuntu/.local/bin:/home/ubuntu/bin:/usr/local/bin:/home/ubuntu/.rvm/bin:/home/ubuntu/.rvm/bin:/home/ubuntu/.local/bin:/home/ubuntu/bin:/usr/local/bin:/home/ubuntu/.rvm/bin:/home/ubuntu/.rvm/bin

Yarn version: 
  1.22.15

Node version: 
  16.10.0

Platform: 
  linux x64

Trace: 
  Error: ENOSPC: no space left on device, mkdir '/home/ubuntu/environment/CoCreate-plugins/CoCreate-instagram/node_modules/@cocreate/api/node_modules/@cocreate/docs/node_modules/@cocreate/docs/node_modules/@cocreate/crud-client/node_modules/@cocreate/crud-client/node_modules/@cocreate/crud-client/node_modules'

npm manifest: 
  {
    "name": "@cocreate/instagram",
    "version": "1.1.24",
    "description": "A simple instagram component in vanilla javascript. Easily configured using HTML5 data-attributes and/or JavaScript API.",
    "keywords": [
      "instagram",
      "cocreate",
      "low-code-framework",
      "no-code-framework",
      "cocreatejs",
      "cocreatejs-component",
      "cocreate-framework",
      "no-code",
      "low-code",
      "collaborative-framework",
      "realtime",
      "realtime-framework",
      "collaboration",
      "shared-editing",
      "html5-framework",
      "javascript-framework"
    ],
    "publishConfig": {
      "access": "public"
    },
    "scripts": {
      "start": "npx webpack --config webpack.config.js",
      "build": "NODE_ENV=production npx webpack --config webpack.config.js",
      "dev": "npx webpack --config webpack.config.js --watch",
      "docs": "node ./node_modules/@cocreate/docs/src/index.js"
    },
    "repository": {
      "type": "git",
      "url": "git+https://github.com/CoCreate-app/CoCreate-instagram.git"
    },
    "author": "CoCreate LLC",
    "license": "MIT",
    "bugs": {
      "url": "https://github.com/CoCreate-app/CoCreate-instagram/issues"
    },
    "homepage": "https://cocreate.app/docs/instagram",
    "funding": {
      "type": "GitHub Sponsors ❤",
      "url": "https://github.com/sponsors/CoCreate-app"
    },
    "main": "./src/index.js",
    "devDependencies": {
      "@babel/core": "^7.9.6",
      "@babel/preset-env": "^7.9.6",
      "babel-loader": "^8.1.0",
      "clean-webpack-plugin": "^3.0.0",
      "file-loader": "^6.2.0",
      "html-webpack-plugin": "^4.5.0",
      "mini-css-extract-plugin": "^1.5.0",
      "style-loader": "^2.0.0",
      "terser-webpack-plugin": "^5.1.1",
      "uglifyjs-webpack-plugin": "^2.2.0",
      "webpack": "^5.24.4",
      "webpack-cli": "^4.5.0",
      "webpack-log": "^3.0.1"
    },
    "dependencies": {
      "@cocreate/api": "^1.1.24",
      "@cocreate/docs": "^1.2.29"
    }
  }

yarn manifest: 
  No manifest

Lockfile: 
  # THIS IS AN AUTOGENERATED FILE. DO NOT EDIT THIS FILE DIRECTLY.
  # yarn lockfile v1
  
  
  "@babel/code-frame@^7.14.5":
    version "7.14.5"
    resolved "https://registry.yarnpkg.com/@babel/code-frame/-/code-frame-7.14.5.tgz#23b08d740e83f49c5e59945fbf1b43e80bbf4edb"
    integrity sha512-9pzDqyc6OLDaqe+zbACgFkb6fKMNG6CObKpnYXChRsvYGyEdc7CA2BaqeOM+vOtCS5ndmJicPJhKAwYRI6UfFw==
    dependencies:
      "@babel/highlight" "^7.14.5"
  
  "@babel/compat-data@^7.13.11", "@babel/compat-data@^7.15.0":
    version "7.15.0"
    resolved "https://registry.yarnpkg.com/@babel/compat-data/-/compat-data-7.15.0.tgz#2dbaf8b85334796cafbb0f5793a90a2fc010b176"
    integrity sha512-0NqAC1IJE0S0+lL1SWFMxMkz1pKCNCjI4tr2Zx4LJSXxCLAdr6KyArnY+sno5m3yH9g737ygOyPABDsnXkpxiA==
  
  "@babel/core@^7.9.6":
    version "7.15.5"
    resolved "https://registry.yarnpkg.com/@babel/core/-/core-7.15.5.tgz#f8ed9ace730722544609f90c9bb49162dc3bf5b9"
    integrity sha512-pYgXxiwAgQpgM1bNkZsDEq85f0ggXMA5L7c+o3tskGMh2BunCI9QUwB9Z4jpvXUOuMdyGKiGKQiRe11VS6Jzvg==
    dependencies:
      "@babel/code-frame" "^7.14.5"
      "@babel/generator" "^7.15.4"
      "@babel/helper-compilation-targets" "^7.15.4"
      "@babel/helper-module-transforms" "^7.15.4"
      "@babel/helpers" "^7.15.4"
      "@babel/parser" "^7.15.5"
      "@babel/template" "^7.15.4"
      "@babel/traverse" "^7.15.4"
      "@babel/types" "^7.15.4"
      convert-source-map "^1.7.0"
      debug "^4.1.0"
      gensync "^1.0.0-beta.2"
      json5 "^2.1.2"
      semver "^6.3.0"
      source-map "^0.5.0"
  
  "@babel/generator@^7.15.4":
    version "7.15.4"
    resolved "https://registry.yarnpkg.com/@babel/generator/-/generator-7.15.4.tgz#85acb159a267ca6324f9793986991ee2022a05b0"
    integrity sha512-d3itta0tu+UayjEORPNz6e1T3FtvWlP5N4V5M+lhp/CxT4oAA7/NcScnpRyspUMLK6tu9MNHmQHxRykuN2R7hw==
    dependencies:
      "@babel/types" "^7.15.4"
      jsesc "^2.5.1"
      source-map "^0.5.0"
  
  "@babel/helper-annotate-as-pure@^7.14.5", "@babel/helper-annotate-as-pure@^7.15.4":
    version "7.15.4"
    resolved "https://registry.yarnpkg.com/@babel/helper-annotate-as-pure/-/helper-annotate-as-pure-7.15.4.tgz#3d0e43b00c5e49fdb6c57e421601a7a658d5f835"
    integrity sha512-QwrtdNvUNsPCj2lfNQacsGSQvGX8ee1ttrBrcozUP2Sv/jylewBP/8QFe6ZkBsC8T/GYWonNAWJV4aRR9AL2DA==
    dependencies:
      "@babel/types" "^7.15.4"
  
  "@babel/helper-builder-binary-assignment-operator-visitor@^7.14.5":
    version "7.15.4"
    resolved "https://registry.yarnpkg.com/@babel/helper-builder-binary-assignment-operator-visitor/-/helper-builder-binary-assignment-operator-visitor-7.15.4.tgz#21ad815f609b84ee0e3058676c33cf6d1670525f"
    integrity sha512-P8o7JP2Mzi0SdC6eWr1zF+AEYvrsZa7GSY1lTayjF5XJhVH0kjLYUZPvTMflP7tBgZoe9gIhTa60QwFpqh/E0Q==
    dependencies:
      "@babel/helper-explode-assignable-expression" "^7.15.4"
      "@babel/types" "^7.15.4"
  
  "@babel/helper-compilation-targets@^7.13.0", "@babel/helper-compilation-targets@^7.15.4":
    version "7.15.4"
    resolved "https://registry.yarnpkg.com/@babel/helper-compilation-targets/-/helper-compilation-targets-7.15.4.tgz#cf6d94f30fbefc139123e27dd6b02f65aeedb7b9"
    integrity sha512-rMWPCirulnPSe4d+gwdWXLfAXTTBj8M3guAf5xFQJ0nvFY7tfNAFnWdqaHegHlgDZOCT4qvhF3BYlSJag8yhqQ==
    dependencies:
      "@babel/compat-data" "^7.15.0"
      "@babel/helper-validator-option" "^7.14.5"
      browserslist "^4.16.6"
      semver "^6.3.0"
  
  "@babel/helper-create-class-features-plugin@^7.14.5", "@babel/helper-create-class-features-plugin@^7.15.4":
    version "7.15.4"
    resolved "https://registry.yarnpkg.com/@babel/helper-create-class-features-plugin/-/helper-create-class-features-plugin-7.15.4.tgz#7f977c17bd12a5fba363cb19bea090394bf37d2e"
    integrity sha512-7ZmzFi+DwJx6A7mHRwbuucEYpyBwmh2Ca0RvI6z2+WLZYCqV0JOaLb+u0zbtmDicebgKBZgqbYfLaKNqSgv5Pw==
    dependencies:
      "@babel/helper-annotate-as-pure" "^7.15.4"
      "@babel/helper-function-name" "^7.15.4"
      "@babel/helper-member-expression-to-functions" "^7.15.4"
      "@babel/helper-optimise-call-expression" "^7.15.4"
      "@babel/helper-replace-supers" "^7.15.4"
      "@babel/helper-split-export-declaration" "^7.15.4"
  
  "@babel/helper-create-regexp-features-plugin@^7.14.5":
    version "7.14.5"
    resolved "https://registry.yarnpkg.com/@babel/helper-create-regexp-features-plugin/-/helper-create-regexp-features-plugin-7.14.5.tgz#c7d5ac5e9cf621c26057722fb7a8a4c5889358c4"
    integrity sha512-TLawwqpOErY2HhWbGJ2nZT5wSkR192QpN+nBg1THfBfftrlvOh+WbhrxXCH4q4xJ9Gl16BGPR/48JA+Ryiho/A==
    dependencies:
      "@babel/helper-annotate-as-pure" "^7.14.5"
      regexpu-core "^4.7.1"
  
  "@babel/helper-define-polyfill-provider@^0.2.2":
    version "0.2.3"
    resolved "https://registry.yarnpkg.com/@babel/helper-define-polyfill-provider/-/helper-define-polyfill-provider-0.2.3.tgz#0525edec5094653a282688d34d846e4c75e9c0b6"
    integrity sha512-RH3QDAfRMzj7+0Nqu5oqgO5q9mFtQEVvCRsi8qCEfzLR9p2BHfn5FzhSB2oj1fF7I2+DcTORkYaQ6aTR9Cofew==
    dependencies:
      "@babel/helper-compilation-targets" "^7.13.0"
      "@babel/helper-module-imports" "^7.12.13"
      "@babel/helper-plugin-utils" "^7.13.0"
      "@babel/traverse" "^7.13.0"
      debug "^4.1.1"
      lodash.debounce "^4.0.8"
      resolve "^1.14.2"
      semver "^6.1.2"
  
  "@babel/helper-explode-assignable-expression@^7.15.4":
    version "7.15.4"
    resolved "https://registry.yarnpkg.com/@babel/helper-explode-assignable-expression/-/helper-explode-assignable-expression-7.15.4.tgz#f9aec9d219f271eaf92b9f561598ca6b2682600c"
    integrity sha512-J14f/vq8+hdC2KoWLIQSsGrC9EFBKE4NFts8pfMpymfApds+fPqR30AOUWc4tyr56h9l/GA1Sxv2q3dLZWbQ/g==
    dependencies:
      "@babel/types" "^7.15.4"
  
  "@babel/helper-function-name@^7.14.5", "@babel/helper-function-name@^7.15.4":
    version "7.15.4"
    resolved "https://registry.yarnpkg.com/@babel/helper-function-name/-/helper-function-name-7.15.4.tgz#845744dafc4381a4a5fb6afa6c3d36f98a787ebc"
    integrity sha512-Z91cOMM4DseLIGOnog+Z8OI6YseR9bua+HpvLAQ2XayUGU+neTtX+97caALaLdyu53I/fjhbeCnWnRH1O3jFOw==
    dependencies:
      "@babel/helper-get-function-arity" "^7.15.4"
      "@babel/template" "^7.15.4"
      "@babel/types" "^7.15.4"
  
  "@babel/helper-get-function-arity@^7.15.4":
    version "7.15.4"
    resolved "https://registry.yarnpkg.com/@babel/helper-get-function-arity/-/helper-get-function-arity-7.15.4.tgz#098818934a137fce78b536a3e015864be1e2879b"
    integrity sha512-1/AlxSF92CmGZzHnC515hm4SirTxtpDnLEJ0UyEMgTMZN+6bxXKg04dKhiRx5Enel+SUA1G1t5Ed/yQia0efrA==
    dependencies:
      "@babel/types" "^7.15.4"
  
  "@babel/helper-hoist-variables@^7.15.4":
    version "7.15.4"
    resolved "https://registry.yarnpkg.com/@babel/helper-hoist-variables/-/helper-hoist-variables-7.15.4.tgz#09993a3259c0e918f99d104261dfdfc033f178df"
    integrity sha512-VTy085egb3jUGVK9ycIxQiPbquesq0HUQ+tPO0uv5mPEBZipk+5FkRKiWq5apuyTE9FUrjENB0rCf8y+n+UuhA==
    dependencies:
      "@babel/types" "^7.15.4"
  
  "@babel/helper-member-expression-to-functions@^7.15.4":
    version "7.15.4"
    resolved "https://registry.yarnpkg.com/@babel/helper-member-expression-to-functions/-/helper-member-expression-to-functions-7.15.4.tgz#bfd34dc9bba9824a4658b0317ec2fd571a51e6ef"
    integrity sha512-cokOMkxC/BTyNP1AlY25HuBWM32iCEsLPI4BHDpJCHHm1FU2E7dKWWIXJgQgSFiu4lp8q3bL1BIKwqkSUviqtA==
    dependencies:
      "@babel/types" "^7.15.4"
  
  "@babel/helper-module-imports@^7.12.13", "@babel/helper-module-imports@^7.14.5", "@babel/helper-module-imports@^7.15.4":
    version "7.15.4"
    resolved "https://registry.yarnpkg.com/@babel/helper-module-imports/-/helper-module-imports-7.15.4.tgz#e18007d230632dea19b47853b984476e7b4e103f"
    integrity sha512-jeAHZbzUwdW/xHgHQ3QmWR4Jg6j15q4w/gCfwZvtqOxoo5DKtLHk8Bsf4c5RZRC7NmLEs+ohkdq8jFefuvIxAA==
    dependencies:
      "@babel/types" "^7.15.4"
  
  "@babel/helper-module-transforms@^7.14.5", "@babel/helper-module-transforms@^7.15.4":
    version "7.15.7"
    resolved "https://registry.yarnpkg.com/@babel/helper-module-transforms/-/helper-module-transforms-7.15.7.tgz#7da80c8cbc1f02655d83f8b79d25866afe50d226"
    integrity sha512-ZNqjjQG/AuFfekFTY+7nY4RgBSklgTu970c7Rj3m/JOhIu5KPBUuTA9AY6zaKcUvk4g6EbDXdBnhi35FAssdSw==
    dependencies:
      "@babel/helper-module-imports" "^7.15.4"
      "@babel/helper-replace-supers" "^7.15.4"
      "@babel/helper-simple-access" "^7.15.4"
      "@babel/helper-split-export-declaration" "^7.15.4"
      "@babel/helper-validator-identifier" "^7.15.7"
      "@babel/template" "^7.15.4"
      "@babel/traverse" "^7.15.4"
      "@babel/types" "^7.15.6"
  
  "@babel/helper-optimise-call-expression@^7.15.4":
    version "7.15.4"
    resolved "https://registry.yarnpkg.com/@babel/helper-optimise-call-expression/-/helper-optimise-call-expression-7.15.4.tgz#f310a5121a3b9cc52d9ab19122bd729822dee171"
    integrity sha512-E/z9rfbAOt1vDW1DR7k4SzhzotVV5+qMciWV6LaG1g4jeFrkDlJedjtV4h0i4Q/ITnUu+Pk08M7fczsB9GXBDw==
    dependencies:
      "@babel/types" "^7.15.4"
  
  "@babel/helper-plugin-utils@^7.0.0", "@babel/helper-plugin-utils@^7.10.4", "@babel/helper-plugin-utils@^7.12.13", "@babel/helper-plugin-utils@^7.13.0", "@babel/helper-plugin-utils@^7.14.5", "@babel/helper-plugin-utils@^7.8.0", "@babel/helper-plugin-utils@^7.8.3":
    version "7.14.5"
    resolved "https://registry.yarnpkg.com/@babel/helper-plugin-utils/-/helper-plugin-utils-7.14.5.tgz#5ac822ce97eec46741ab70a517971e443a70c5a9"
    integrity sha512-/37qQCE3K0vvZKwoK4XU/irIJQdIfCJuhU5eKnNxpFDsOkgFaUAwbv+RYw6eYgsC0E4hS7r5KqGULUogqui0fQ==
  
  "@babel/helper-remap-async-to-generator@^7.14.5", "@babel/helper-remap-async-to-generator@^7.15.4":
    version "7.15.4"
    resolved "https://registry.yarnpkg.com/@babel/helper-remap-async-to-generator/-/helper-remap-async-to-generator-7.15.4.tgz#2637c0731e4c90fbf58ac58b50b2b5a192fc970f"
    integrity sha512-v53MxgvMK/HCwckJ1bZrq6dNKlmwlyRNYM6ypaRTdXWGOE2c1/SCa6dL/HimhPulGhZKw9W0QhREM583F/t0vQ==
    dependencies:
      "@babel/helper-annotate-as-pure" "^7.15.4"
      "@babel/helper-wrap-function" "^7.15.4"
      "@babel/types" "^7.15.4"
  
  "@babel/helper-replace-supers@^7.14.5", "@babel/helper-replace-supers@^7.15.4":
    version "7.15.4"
    resolved "https://registry.yarnpkg.com/@babel/helper-replace-supers/-/helper-replace-supers-7.15.4.tgz#52a8ab26ba918c7f6dee28628b07071ac7b7347a"
    integrity sha512-/ztT6khaXF37MS47fufrKvIsiQkx1LBRvSJNzRqmbyeZnTwU9qBxXYLaaT/6KaxfKhjs2Wy8kG8ZdsFUuWBjzw==
    dependencies:
      "@babel/helper-member-expression-to-functions" "^7.15.4"
      "@babel/helper-optimise-call-expression" "^7.15.4"
      "@babel/traverse" "^7.15.4"
      "@babel/types" "^7.15.4"
  
  "@babel/helper-simple-access@^7.15.4":
    version "7.15.4"
    resolved "https://registry.yarnpkg.com/@babel/helper-simple-access/-/helper-simple-access-7.15.4.tgz#ac368905abf1de8e9781434b635d8f8674bcc13b"
    integrity sha512-UzazrDoIVOZZcTeHHEPYrr1MvTR/K+wgLg6MY6e1CJyaRhbibftF6fR2KU2sFRtI/nERUZR9fBd6aKgBlIBaPg==
    dependencies:
      "@babel/types" "^7.15.4"
  
  "@babel/helper-skip-transparent-expression-wrappers@^7.14.5", "@babel/helper-skip-transparent-expression-wrappers@^7.15.4":
    version "7.15.4"
    resolved "https://registry.yarnpkg.com/@babel/helper-skip-transparent-expression-wrappers/-/helper-skip-transparent-expression-wrappers-7.15.4.tgz#707dbdba1f4ad0fa34f9114fc8197aec7d5da2eb"
    integrity sha512-BMRLsdh+D1/aap19TycS4eD1qELGrCBJwzaY9IE8LrpJtJb+H7rQkPIdsfgnMtLBA6DJls7X9z93Z4U8h7xw0A==
    dependencies:
      "@babel/types" "^7.15.4"
  
  "@babel/helper-split-export-declaration@^7.15.4":
    version "7.15.4"
    resolved "https://registry.yarnpkg.com/@babel/helper-split-export-declaration/-/helper-split-export-declaration-7.15.4.tgz#aecab92dcdbef6a10aa3b62ab204b085f776e257"
    integrity sha512-HsFqhLDZ08DxCpBdEVtKmywj6PQbwnF6HHybur0MAnkAKnlS6uHkwnmRIkElB2Owpfb4xL4NwDmDLFubueDXsw==
    dependencies:
      "@babel/types" "^7.15.4"
  
  "@babel/helper-validator-identifier@^7.14.5", "@babel/helper-validator-identifier@^7.14.9", "@babel/helper-validator-identifier@^7.15.7":
    version "7.15.7"
    resolved "https://registry.yarnpkg.com/@babel/helper-validator-identifier/-/helper-validator-identifier-7.15.7.tgz#220df993bfe904a4a6b02ab4f3385a5ebf6e2389"
    integrity sha512-K4JvCtQqad9OY2+yTU8w+E82ywk/fe+ELNlt1G8z3bVGlZfn/hOcQQsUhGhW/N+tb3fxK800wLtKOE/aM0m72w==
  
  "@babel/helper-validator-option@^7.14.5":
    version "7.14.5"
    resolved "https://registry.yarnpkg.com/@babel/helper-validator-option/-/helper-validator-option-7.14.5.tgz#6e72a1fff18d5dfcb878e1e62f1a021c4b72d5a3"
    integrity sha512-OX8D5eeX4XwcroVW45NMvoYaIuFI+GQpA2a8Gi+X/U/cDUIRsV37qQfF905F0htTRCREQIB4KqPeaveRJUl3Ow==
  
  "@babel/helper-wrap-function@^7.15.4":
    version "7.15.4"
    resolved "https://registry.yarnpkg.com/@babel/helper-wrap-function/-/helper-wrap-function-7.15.4.tgz#6f754b2446cfaf3d612523e6ab8d79c27c3a3de7"
    integrity sha512-Y2o+H/hRV5W8QhIfTpRIBwl57y8PrZt6JM3V8FOo5qarjshHItyH5lXlpMfBfmBefOq